2023-09-02 15:09:06: Add lessons learned
2023-09-02 16:57:58: Add customization tools
2023-09-02 18:17:18: Add certification management
2023-09-02 13:19:05: Add rate limiting
2023-09-02 16:20:42: Add security automation
2023-09-02 09:23:55: Add continuity planning
2023-09-03 13:04:06: Create control systems
2023-09-03 16:47:50: Create automation tools
2023-09-03 10:30:46: Create reporting mechanisms
2023-09-03 18:07:12: Create system upgrades
2023-09-03 18:15:38: Add testing environments
2023-09-03 11:01:21: Implement feedback systems
2023-09-04 18:01:24: Add compliance features
2023-09-04 17:05:01: Implement task scheduling
2023-09-04 10:41:27: Create identity management
2023-09-04 11:12:17: Implement cleanup routines
2023-09-04 09:57:52: Implement onboarding workflows
2023-09-04 15:10:08: Add release pipelines
2023-09-05 12:32:50: Create mobile responsive design
2023-09-05 12:18:57: Implement reporting standards
2023-09-05 14:57:59: Add alerting mechanisms
2023-09-05 09:14:04: Add onboarding system
2023-09-05 09:13:19: Create team management
2023-09-05 18:14:00: Create release management
2023-09-06 13:29:54: Update environment systems
2023-09-06 18:43:36: Create revenue tracking
2023-09-06 14:10:06: Create improvement plans
2023-09-06 10:36:31: Add enhancement systems
2023-09-06 10:29:34: Create calendar integration
2023-09-06 14:49:57: Create assessment tools
2023-09-07 11:22:14: Update equipment checkout system
2023-09-07 11:02:06: Create intelligence systems
2023-09-07 13:02:42: Implement analytics platforms
2023-09-07 16:29:42: Create monitoring systems
2023-09-07 11:49:08: Implement deployment systems
2023-09-07 14:04:06: Add document management system
2023-09-08 14:09:57: Update knowledge sharing
2023-09-08 18:39:39: Create risk assessment
2023-09-08 11:38:27: Update efficiency procedures
2023-09-08 11:38:32: Add response systems
2023-09-08 15:08:30: Implement runbooks
2023-09-08 17:49:03: Add data validation
2023-09-09 13:41:18: Implement performance tracking
2023-09-09 18:34:38: Add system monitoring
2023-09-09 14:00:46: Implement containerization
2023-09-09 18:39:25: Update metrics collection
2023-09-09 10:11:42: Update transparency measures
2023-09-09 13:33:40: Add collaboration networks
2023-09-10 09:59:49: Create workflow automation
2023-09-10 10:28:34: Implement performance tuning
2023-09-10 14:46:07: Implement demand planning
2023-09-10 12:32:59: Create compliance checks
2023-09-10 09:20:55: Add transportation tracking
2023-09-10 11:18:25: Add presentation systems
2023-09-11 14:25:40: Create standards documentation
2023-09-11 11:45:40: Create recovery systems
2023-09-11 14:00:53: Add export formats
2023-09-11 10:55:52: Add discovery processes
2023-09-11 13:16:05: Implement validation processes
2023-09-11 14:38:44: Implement class scheduling
2023-09-12 17:35:51: Implement mitigation strategies
2023-09-12 14:45:52: Add communication protocols
2023-09-12 13:26:35: Update production systems
2023-09-12 17:28:47: Implement data governance
2023-09-12 17:16:14: Implement patch management
2023-09-12 11:17:24: Add distribution tools
2023-09-13 12:36:27: Update legal requirements
2023-09-13 14:11:45: Create financial reports
2023-09-13 11:24:44: Create exception management
2023-09-13 12:03:22: Create user feedback system
2023-09-13 12:09:58: Create employee management
2023-09-13 14:32:04: Add log aggregation
2023-09-14 15:02:56: Add async processing
2023-09-14 11:53:31: Create communication tools
2023-09-14 16:42:32: Create optimization systems
2023-09-14 09:50:12: Implement productivity metrics
2023-09-14 15:41:02: Add optimization tools
2023-09-14 12:54:58: Create user experience improvements
2023-09-15 12:51:45: Add announcement system
2023-09-15 18:10:03: Create infrastructure as code
2023-09-15 15:58:55: Implement clarification systems
2023-09-15 10:17:22: Implement development tools
2023-09-15 16:33:56: Implement monitoring tools
2023-09-15 13:37:10: Implement authentication protocols
2023-09-16 16:15:40: Implement security orchestration
2023-09-16 17:05:09: Update assessment procedures
2023-09-16 15:33:18: Add productivity tools
2023-09-16 12:16:08: Implement optimization systems
2023-09-16 12:18:23: Create tax management
2023-09-16 11:39:02: Implement billing automation
2023-09-17 11:24:50: Create security policies
2023-09-17 09:55:14: Create notification platforms
2023-09-17 12:36:18: Add optimization strategies
2023-09-17 14:31:34: Add compliance monitoring
2023-09-17 10:43:04: Implement token refresh
2023-09-17 11:18:01: Add file upload system
2023-09-18 16:35:46: Implement deletion processes
2023-09-18 13:16:07: Create regulation platforms
2023-09-18 13:48:09: Initialize project structure
2023-09-18 10:23:07: Add tuning tools
2023-09-18 17:31:11: Add encryption protocols
2023-09-18 11:08:21: Create school event calendar
2023-09-19 12:40:43: Create data retention policies
2023-09-19 09:30:41: Create emergency procedures
2023-09-19 16:54:29: Add real-time updates
2023-09-19 16:08:56: Add attendance tracking
2023-09-19 09:29:00: Add version control
2023-09-19 16:39:42: Update API documentation
2023-09-20 18:12:46: Implement security measures
2023-09-20 12:40:56: Add privacy controls
2023-09-20 10:42:18: Set up Prisma database schema
2023-09-20 15:47:33: Create efficiency improvements
2023-09-20 11:59:44: Implement bug fixes
2023-09-20 16:27:35: Create admin panel
2023-09-21 09:17:18: Update infrastructure
2023-09-21 09:51:57: Add normalization tools
2023-09-21 12:22:32: Implement usage statistics
2023-09-21 16:05:26: Update synchronization systems
2023-09-21 18:33:10: Create partnership programs
2023-09-21 18:35:32: Create measurement platforms
2023-09-22 11:48:52: Create system alerts
2023-09-22 17:06:11: Create performance benchmarks
2023-09-22 16:58:19: Create user guides
2023-09-22 18:25:23: Create resource management
2023-09-22 14:13:03: Create efficiency systems
2023-09-22 18:04:55: Create deployment configuration
2023-09-23 14:52:11: Update engagement platforms
2023-09-23 15:46:24: Update innovation platforms
2023-09-23 10:06:33: Update user interface
2023-09-23 12:24:18: Add onboarding processes
2023-09-23 15:52:03: Implement compliance reporting
2023-09-23 13:35:48: Update notification preferences
2023-09-24 18:22:47: Implement feature requests
2023-09-24 11:17:55: Add rollback procedures
2023-09-24 18:21:45: Implement multi-language support
2023-09-24 15:09:31: Implement data transformation
2023-09-24 09:39:04: Update inventory management
2023-09-24 16:53:36: Implement post-incident analysis
2023-09-25 11:53:46: Add grade calculation algorithms
2023-09-25 09:05:38: Create teacher management system
2023-09-25 17:19:14: Create recommendation engine
2023-09-25 15:34:29: Implement emergency protocols
2023-09-25 14:38:02: Create progress platforms
2023-09-25 17:04:42: Implement testing coverage
2023-09-26 13:19:17: Add testing frameworks
2023-09-26 09:51:25: Add workload balancing
2023-09-26 16:10:41: Create financial systems
2023-09-26 18:02:52: Create unit tests
2023-09-26 10:25:46: Add data archiving
2023-09-26 10:37:20: Implement competency tracking
2023-09-27 16:23:05: Add oversight mechanisms
2023-09-27 13:30:15: Implement machine learning models
2023-09-27 10:34:52: Implement continuous integration
2023-09-27 10:47:35: Update analysis tools
2023-09-27 14:18:09: Implement assurance processes
2023-09-27 16:57:21: Add data encryption
2023-09-28 17:40:26: Create knowledge base
2023-09-28 14:46:34: Implement stream processing
2023-09-28 13:51:17: Implement assessment systems
2023-09-28 14:36:57: Implement search functionality
2023-09-28 13:35:28: Update mitigation systems
2023-09-28 13:32:21: Implement automated testing
2023-09-29 11:02:30: Set up JWT token handling
2023-09-29 17:00:19: Update network configuration
2023-09-29 12:24:21: Implement user surveys
2023-09-29 15:49:02: Implement continuous monitoring
2023-09-29 16:45:29: Add single sign-on
2023-09-29 17:20:46: Add stress testing
2023-09-30 18:37:11: Add best practices
2023-09-30 09:04:25: Add workflow automation
2023-09-30 11:35:55: Create blue-green deployments
2023-09-30 09:58:44: Create sorting mechanisms
2023-09-30 09:06:28: Update class schedules for fall semester
2023-09-30 12:37:55: Implement payroll integration
2023-10-01 17:50:28: Create attendance reports
2023-10-01 16:33:35: Create feature enhancements
2023-10-01 10:23:35: Create scalability platforms
2023-10-01 18:42:38: Create security audits
2023-10-01 13:12:28: Implement failover systems
2023-10-01 16:11:04: Implement sharing systems
2023-10-02 17:58:40: Add environment provisioning
2023-10-02 13:08:23: Update crisis management
2023-10-02 13:02:54: Create payment systems
2023-10-02 14:44:29: Add scenario analysis
2023-10-02 13:39:11: Implement business intelligence
2023-10-02 14:22:14: Update pagination system
2023-10-03 16:23:35: Add subscription management
2023-10-03 11:42:46: Create employee systems
2023-10-03 18:51:08: Implement competency tracking
2023-10-03 17:23:52: Add automation tools
2023-10-03 14:14:29: Implement security measures
2023-10-03 11:02:37: Add access reviews
2023-10-04 11:17:58: Implement penetration testing
2023-10-04 14:32:45: Create audit reports
2023-10-04 09:05:43: Add contingency planning
2023-10-04 17:39:32: Create resolution tools
2023-10-04 09:47:30: Implement preventive measures
2023-10-04 14:11:28: Add audit logging
2023-10-05 12:19:03: Implement standardization processes
2023-10-05 14:55:43: Create account recovery
2023-10-05 11:58:16: Create log management
2023-10-05 09:51:29: Add alerting systems
2023-10-05 12:40:55: Add quality controls
2023-10-05 17:01:24: Add notification system
2023-10-06 14:03:49: Add capacity planning
2023-10-06 13:46:10: Implement governance systems
2023-10-06 11:52:43: Create operation platforms
2023-10-06 10:50:47: Update documentation
2023-10-06 09:37:38: Implement data visualization
2023-10-06 17:29:07: Update evaluation tools
2023-10-07 13:28:21: Create delivery platforms
2023-10-07 09:48:56: Update resource allocation
2023-10-07 18:14:39: Implement governance frameworks
2023-10-07 11:34:26: Implement emergency procedures
2023-10-07 09:48:18: Implement transformation systems
2023-10-07 15:22:03: Add scenario modeling
2023-10-08 15:31:41: Create session management
2023-10-08 14:29:38: Create maintenance mode
2023-10-08 10:34:57: Update training materials
2023-10-08 17:42:44: Create interactive reports
2023-10-08 10:42:46: Add business continuity
2023-10-08 13:31:47: Update improvement processes
2023-10-09 12:03:26: Add privacy controls
2023-10-09 17:36:26: Add control tools
2023-10-09 09:42:30: Update configuration systems
2023-10-09 18:42:27: Create recovery processes
2023-10-09 15:34:28: Add Tailwind CSS styling
2023-10-09 17:58:13: Implement risk management
2023-10-10 16:33:00: Update adaptation procedures
2023-10-10 13:21:36: Create analytics dashboard
2023-10-10 18:41:54: Add feature development
2023-10-10 11:48:08: Create privilege management
2023-10-10 16:50:57: Create maintenance tools
2023-10-10 10:45:07: Update recovery procedures
2023-10-11 17:01:02: Add invoice processing
2023-10-11 15:46:48: Implement forensic analysis
2023-10-11 12:28:06: Update analytics systems
2023-10-11 10:37:09: Update optimization procedures
2023-10-11 10:29:25: Implement message queuing
2023-10-11 12:44:01: Implement access logs
2023-10-12 09:27:05: Process student enrollment data
2023-10-12 13:56:56: Update emergency contact system
2023-10-12 10:22:02: Implement communication protocols
2023-10-12 09:04:36: Add documentation updates
2023-10-12 17:34:01: Add data migration scripts
2023-10-12 09:06:00: Create security awareness
2023-10-13 14:28:58: Create facility booking system
2023-10-13 16:44:23: Add data visualization
2023-10-13 16:59:19: Implement visitor management
2023-10-13 13:04:13: Add testing frameworks
2023-10-13 17:31:59: Implement deployment strategies
2023-10-13 14:48:56: Implement time management
2023-10-14 10:41:09: Implement two-factor authentication
2023-10-14 09:14:41: Update navigation system
2023-10-14 14:56:35: Create analytics dashboard
2023-10-14 17:46:26: Update talent acquisition
2023-10-14 16:22:39: Create test automation
2023-10-14 13:34:34: Add export functionality
2023-10-15 14:09:12: Create facility maintenance system
2023-10-15 15:17:55: Implement expansion systems
2023-10-15 18:18:41: Create workload balancing
2023-10-15 10:04:40: Add security incident tracking
2023-10-15 16:13:34: Create succession management
2023-10-15 09:48:26: Add eradication measures
2023-10-16 18:01:15: Create health checks
2023-10-16 18:12:48: Add policy management
2023-10-16 12:35:05: Create control assessments
2023-10-16 12:37:22: Create installation platforms
2023-10-16 18:48:43: Create personalization platforms
2023-10-16 12:25:03: Update scholarship management
2023-10-17 15:15:11: Implement profit analysis
2023-10-17 10:54:37: Implement improvement processes
2023-10-17 16:57:45: Create budget allocations
2023-10-17 18:26:45: Implement accounting integration
2023-10-17 18:39:34: Add training management
2023-10-17 09:36:03: Add performance systems
2023-10-18 14:20:46: Create health checks
2023-10-18 09:17:22: Create validation testing
2023-10-18 12:20:46: Add authorization mechanisms
2023-10-18 13:45:17: Add workflow optimization
2023-10-18 18:54:04: Implement investigation procedures
2023-10-18 13:00:26: Create user profile management
2023-10-19 18:46:12: Update recovery processes
2023-10-19 10:54:40: Implement project tracking
2023-10-19 09:47:30: Create skill assessments
2023-10-19 09:26:28: Create load balancing
2023-10-19 15:48:01: Add ETL processes
2023-10-19 14:42:25: Create documentation portals
2023-10-20 12:11:00: Add compliance checks
2023-10-20 18:22:59: Add milestone management
2023-10-20 16:35:42: Update measurement systems
2023-10-20 13:48:33: Add decision support
2023-10-20 17:11:42: Implement stakeholder management
2023-10-20 09:22:32: Implement enhancement programs
2023-10-21 09:06:59: Add coordination mechanisms
2023-10-21 15:27:01: Update maintenance procedures
2023-10-21 09:23:29: Add vulnerability management
2023-10-21 15:40:55: Implement scaling solutions
2023-10-21 13:47:11: Update status tracking
2023-10-21 15:22:23: Implement governance frameworks
2023-10-22 15:12:59: Implement trend analysis
2023-10-22 14:54:03: Add quality assurance
2023-10-22 13:39:22: Add stakeholder notifications
2023-10-22 12:47:26: Set up Next.js configuration
2023-10-22 17:59:50: Add troubleshooting guides
2023-10-22 15:25:25: Create notification mechanisms
2023-10-23 10:52:14: Create stakeholder management
2023-10-23 17:48:56: Create integration platforms
2023-10-23 14:55:14: Implement development programs
2023-10-23 15:19:51: Create oversight platforms
2023-10-23 15:38:48: Create playbooks
2023-10-23 10:32:48: Add feature toggles
2023-10-24 17:13:14: Create data protection
2023-10-24 14:27:54: Implement adaptation systems
2023-10-24 14:27:07: Add audit logging
2023-10-24 09:45:55: Create forecasting tools
2023-09-02 15:11:15: Create analytics dashboard
2023-09-02 10:15:00: Update authentication methods
2023-09-02 12:21:40: Add donor management system
2023-09-02 12:10:47: Add feature toggles
2023-09-02 13:45:50: Create insights platforms
2023-09-02 14:55:45: Implement user provisioning
2023-09-03 13:05:42: Update assessment procedures
2023-09-03 15:27:54: Implement governance frameworks
2023-09-03 10:47:56: Add quality assurance
2023-09-03 18:09:19: Update deployment systems
2023-09-03 18:04:18: Implement competency tracking
2023-09-03 10:07:03: Update measurement systems
2023-09-04 13:09:51: Update efficiency procedures
2023-09-04 13:49:59: Add code reviews
2023-09-04 14:36:50: Add personalization features
2023-09-04 17:10:51: Update environment systems
2023-09-04 16:54:31: Implement data visualization
2023-09-04 09:17:31: Update security protocols
2023-09-05 15:21:53: Create streamlining platforms
2023-09-05 09:47:36: Add cost centers
2023-09-05 10:40:04: Add discovery processes
2023-09-05 16:10:19: Add compliance monitoring
2023-09-05 17:45:16: Implement visitor management
2023-09-05 18:43:06: Create retention schedules
2023-09-06 16:00:34: Add policy management
2023-09-06 14:46:23: Create business continuity
2023-09-06 14:14:38: Add infrastructure management
2023-09-06 13:12:23: Create grade management system
2023-09-06 18:18:01: Update integration pipelines
2023-09-06 17:58:35: Update alliance systems
2023-09-07 10:05:28: Create blue-green deployments
2023-09-07 11:36:57: Add accreditation systems
2023-09-07 18:09:05: Implement responsive design
2023-09-07 15:28:40: Add decision support
2023-09-07 09:43:11: Create CI/CD pipeline
2023-09-07 11:23:42: Update dependencies
2023-09-08 14:13:20: Create audit trails
2023-09-08 17:40:59: Create reporting features
2023-09-08 18:32:28: Implement alerting system
2023-09-08 14:41:48: Implement student performance tracking
2023-09-08 15:37:20: Implement canary releases
2023-09-08 15:29:33: Add usage analytics
2023-09-09 13:52:34: Implement caching strategies
2023-09-09 12:45:31: Implement multi-language support
2023-09-09 18:29:40: Create partnership programs
2023-09-09 15:12:14: Create design platforms
2023-09-09 18:54:15: Implement user segmentation
2023-09-09 13:34:05: Add oversight mechanisms
2023-09-10 13:13:22: Set up Next.js configuration
2023-09-10 13:28:55: Create security patches
2023-09-10 17:33:04: Add training management
2023-09-10 10:17:46: Create automation tools
2023-09-10 14:13:39: Add grade calculation algorithms
2023-09-10 17:12:59: Implement caching mechanism
2023-09-11 10:31:09: Add data migration scripts
2023-09-11 10:18:41: Add compliance tools
2023-09-11 16:22:18: Update production systems
2023-09-11 16:02:42: Add administration tools
2023-09-11 16:46:09: Create communication tools
2023-09-11 10:31:30: Create succession management
2023-09-12 09:27:51: Create knowledge platforms
2023-09-12 13:33:50: Create school event calendar
2023-09-12 10:31:09: Add collaboration tools
2023-09-12 09:05:06: Implement patch management
2023-09-12 15:21:16: Update inventory management
2023-09-12 11:18:53: Update maintenance procedures
2023-09-13 13:15:15: Configure TypeScript settings
2023-09-13 09:20:31: Add data validation
2023-09-13 10:18:17: Create audit reports
2023-09-13 15:52:24: Implement deployment systems
2023-09-13 13:46:46: Set up Prisma database schema
2023-09-13 15:51:28: Implement API versioning
2023-09-14 14:14:48: Create user experience improvements
2023-09-14 09:49:48: Create assessment tools
2023-09-14 18:53:10: Add testing frameworks
2023-09-14 17:17:36: Update analysis tools
2023-09-14 10:35:09: Add talent management
2023-09-14 11:23:11: Create disaster recovery
2023-09-15 16:32:42: Update mitigation strategies
2023-09-15 13:31:31: Create performance benchmarks
2023-09-15 18:24:15: Create progress platforms
2023-09-15 14:52:31: Update advancement procedures
2023-09-15 10:14:02: Create consent management
2023-09-15 17:23:06: Update procedures manuals
2023-09-16 16:23:19: Create workflow automation
2023-09-16 11:16:13: Add disclosure requirements
2023-09-16 14:02:23: Implement monitoring tools
2023-09-16 18:40:31: Add testing frameworks
2023-09-16 16:40:54: Create assurance programs
2023-09-16 15:01:23: Update configuration systems
2023-09-17 10:03:29: Create data retention policies
2023-09-17 14:47:21: Implement authorization systems
2023-09-17 18:37:41: Add communication systems
2023-09-17 12:19:24: Add troubleshooting guides
2023-09-17 13:13:50: Add transportation tracking
2023-09-17 17:00:14: Create dashboard interface
2023-09-18 09:21:34: Implement implementation systems
2023-09-18 10:10:30: Add export formats
2023-09-18 09:10:10: Implement forensic analysis
2023-09-18 14:23:41: Create control systems
2023-09-18 17:45:53: Create excellence platforms
2023-09-18 17:58:16: Update verification systems
2023-09-19 16:58:20: Add field-level encryption
2023-09-19 10:28:46: Add quality gates
2023-09-19 15:54:51: Add authorization mechanisms
2023-09-19 15:10:48: Implement training modules
2023-09-19 10:26:06: Add error reporting
2023-09-19 14:09:49: Create financial systems
2023-09-20 12:20:11: Implement class scheduling
2023-09-20 18:09:14: Add privacy controls
2023-09-20 11:21:36: Update migration procedures
2023-09-20 16:05:19: Create development guidelines
2023-09-20 12:06:11: Create privilege management
2023-09-20 09:13:54: Create volunteer coordination system
2023-09-21 16:35:33: Implement bulk operations
2023-09-21 13:21:21: Add performance systems
2023-09-21 10:37:08: Add budget tracking
2023-09-21 18:41:12: Update analytics systems
2023-09-21 14:34:38: Create risk assessment tools
2023-09-21 10:22:06: Create validation testing
2023-09-22 17:38:21: Add compliance frameworks
2023-09-22 12:14:54: Create security awareness
2023-09-22 17:26:20: Update integration points
2023-09-22 12:27:54: Create performance platforms
2023-09-22 13:05:54: Implement competency tracking
2023-09-22 09:11:20: Update execution procedures
2023-09-23 18:35:54: Update training materials
2023-09-23 10:49:21: Implement support system
2023-09-23 18:36:23: Create documentation portals
2023-09-23 11:54:10: Implement acceptance criteria
2023-09-23 13:39:12: Create regulation platforms
2023-09-23 17:26:52: Create audit systems
2023-09-24 17:34:55: Implement progress monitoring
2023-09-24 18:21:49: Implement regulatory reporting
2023-09-24 15:02:03: Add quality controls
2023-09-24 11:34:42: Create access policies
2023-09-24 12:40:16: Implement email notifications
2023-09-24 11:46:41: Add session management
2023-09-25 18:04:12: Update infrastructure
2023-09-25 16:01:27: Add creation systems
2023-09-25 13:43:41: Add intelligence gathering
2023-09-25 10:10:08: Create authentication system
2023-09-25 18:04:37: Update compliance measures
2023-09-25 15:57:01: Add redundancy measures
2023-09-26 16:05:47: Create validation platforms
2023-09-26 09:35:44: Implement deployment automation
2023-09-26 11:17:24: Add automation tools
2023-09-26 14:16:29: Create exploration systems
2023-09-26 18:23:30: Implement productivity tools
2023-09-26 18:27:16: Add audit logging
2023-09-27 17:02:22: Add continuity planning
2023-09-27 13:31:22: Implement demand planning
2023-09-27 16:29:12: Implement compliance reporting
2023-09-27 17:22:44: Create deliverable tracking
2023-09-27 14:27:20: Update class schedules for fall semester
2023-09-27 15:45:01: Create troubleshooting guides
2023-09-28 10:40:52: Create learning platforms
2023-09-28 14:58:44: Implement stream processing
2023-09-28 10:59:10: Add data encryption
2023-09-28 16:50:37: Add workload balancing
2023-09-28 15:30:41: Create test automation
2023-09-28 16:39:46: Add compliance features
2023-09-29 12:51:25: Create control assessments
2023-09-29 16:24:01: Implement payroll integration
2023-09-29 18:32:11: Implement process automation
2023-09-29 14:13:03: Create workload balancing
2023-09-29 16:06:16: Create regulatory reporting
2023-09-29 18:26:11: Add privacy controls
2023-09-30 14:30:56: Add alerting mechanisms
2023-09-30 16:04:01: Implement user support
2023-09-30 09:26:03: Add system monitoring
2023-09-30 15:04:49: Implement contingency planning
2023-09-30 11:20:08: Create orchestration workflows
2023-09-30 12:43:25: Create board updates
2023-10-01 18:36:18: Update talent acquisition
2023-10-01 09:38:11: Create error handling
2023-10-01 13:29:37: Process student enrollment data
2023-10-01 16:07:04: Create knowledge base
2023-10-01 13:57:32: Implement feature requests
2023-10-01 16:15:41: Implement containment strategies
2023-10-02 18:58:37: Implement deployment strategies
2023-10-02 14:29:02: Implement performance tuning
2023-10-02 18:13:24: Create account recovery
2023-10-02 12:11:42: Implement penetration testing
2023-10-02 09:05:20: Create import functionality
2023-10-02 10:22:03: Create research systems
2023-10-03 16:51:08: Update API documentation
2023-10-03 14:17:53: Create data transformation tools
2023-10-03 15:31:48: Add filtering options
2023-10-03 16:43:49: Update performance tracking
2023-10-03 17:13:15: Implement security measures
2023-10-03 18:06:41: Update navigation system
2023-10-04 15:51:02: Add process optimization
2023-10-04 11:18:53: Implement two-factor authentication
2023-10-04 12:19:42: Implement search functionality
2023-10-04 13:13:51: Implement data validation
2023-10-04 10:12:30: Implement testing strategies
2023-10-04 14:48:21: Create secure APIs
2023-10-05 10:12:05: Update password policies
2023-10-05 11:02:02: Implement access controls
2023-10-05 09:50:40: Add policy management
2023-10-05 18:55:31: Create token handling
2023-10-05 09:34:58: Implement configuration systems
2023-10-05 11:11:09: Implement adaptation systems
2023-10-06 15:47:02: Create capacity planning
2023-10-06 14:23:52: Add data visualization
2023-10-06 14:51:27: Create standards documentation
2023-10-06 10:43:46: Create convergence systems
2023-10-06 12:05:53: Implement teacher assignment system
2023-10-06 12:20:10: Add scenario analysis
2023-10-07 18:31:09: Create feature enhancements
2023-10-07 13:46:25: Add deployment pipelines
2023-10-07 14:23:35: Update quality systems
2023-10-07 18:58:12: Create disciplinary tracking system
2023-10-07 11:39:42: Create identity management
2023-10-07 17:05:14: Create configuration tools
2023-10-08 16:39:08: Create review processes
2023-10-08 16:59:31: Add error handling
2023-10-08 11:40:04: Update collaboration platforms
2023-10-08 14:45:57: Implement disaster recovery
2023-10-08 13:45:55: Create recommendation engine
2023-10-08 15:22:11: Implement machine learning models
2023-10-09 17:20:10: Add onboarding system
2023-10-09 18:43:01: Implement expense tracking
2023-10-09 18:43:22: Add enhancement systems
2023-10-09 09:18:24: Add certification management
2023-10-09 18:07:23: Implement version control
2023-10-09 12:44:55: Add notification system
2023-10-10 09:20:06: Create reporting mechanisms
2023-10-10 09:09:15: Update scholarship management
2023-10-10 18:16:43: Add file upload system
2023-10-10 10:45:17: Create efficiency metrics
2023-10-10 15:46:55: Create staging environments
2023-10-10 09:19:37: Add extracurricular activity management
2023-10-11 14:48:12: Add single sign-on
2023-10-11 13:26:08: Update executive reporting
2023-10-11 11:55:35: Create resource management
2023-10-11 16:30:04: Create intelligence systems
2023-10-11 18:49:58: Add crisis management
2023-10-11 16:02:50: Add regulatory filings
2023-10-12 10:11:04: Create oversight platforms
2023-10-12 18:39:05: Update adaptation procedures
2023-10-12 10:55:28: Create tax management
2023-10-12 09:13:46: Implement validation processes
2023-10-12 17:03:11: Update metrics collection
2023-10-12 15:25:32: Create load balancing
2023-10-13 09:36:56: Add log aggregation
2023-10-13 16:38:45: Add phishing simulations
2023-10-13 10:21:54: Create playbooks
2023-10-13 09:24:33: Implement sharing systems
2023-10-13 11:33:50: Add vulnerability assessment
2023-10-13 10:46:15: Create skill assessments
2023-10-14 16:06:33: Add scenario planning
2023-10-14 15:03:28: Add attendance tracking
2023-10-14 16:17:09: Add password policies
2023-10-14 10:13:28: Add response automation
2023-10-14 12:27:44: Add real-time analytics
2023-10-14 14:47:42: Implement feature flags
2023-10-15 15:44:43: Add monitoring alerts
2023-10-15 13:42:06: Add student management features
2023-10-15 15:38:17: Implement health records system
2023-10-15 09:46:58: Create recovery processes
2023-10-15 14:33:31: Implement containerization
2023-10-15 13:20:18: Update reporting system
2023-10-16 10:12:04: Add feature development
2023-10-16 18:41:38: Implement data systems
2023-10-16 16:34:00: Create project tracking
2023-10-16 13:26:40: Implement cooperation tools
2023-10-16 16:58:13: Update modeling tools
2023-10-16 17:32:46: Add encryption protocols
2023-10-17 16:20:03: Create time tracking
2023-10-17 13:42:34: Implement user registration
2023-10-17 17:32:08: Add resource allocation
2023-10-17 18:39:39: Create motivation tools
2023-10-17 11:00:35: Implement token refresh
2023-10-17 11:02:45: Add response systems
2023-10-18 14:47:48: Update documentation
2023-10-18 10:12:05: Create system alerts
2023-10-18 13:57:34: Implement performance tuning
2023-10-18 13:43:57: Add documentation updates
2023-10-18 13:37:59: Implement task scheduling
2023-10-18 16:52:01: Implement progress tracking
2023-10-19 13:41:26: Implement runbooks
2023-10-19 09:53:47: Add offline functionality
2023-10-19 10:32:26: Add presentation systems
2023-10-19 09:48:16: Update logging system
2023-10-19 10:45:47: Create risk assessment
2023-10-19 13:35:40: Implement mitigation strategies
2023-10-20 18:33:31: Update skill assessments
2023-10-20 13:51:41: Update capacity management
2023-10-20 12:25:07: Implement usage statistics
2023-10-20 12:37:35: Create team management
2023-10-20 12:48:11: Update unification platforms
2023-10-20 12:26:15: Implement cleanup routines
2023-10-21 16:58:58: Update network configuration
2023-10-21 14:59:46: Add workflow automation
2023-10-21 13:50:07: Create mobile app features
2023-10-21 16:24:28: Add productivity tools
2023-10-21 15:18:16: Implement analytics platforms
2023-10-21 10:55:42: Implement governance frameworks
2023-10-22 12:12:05: Create career paths
2023-10-22 10:56:53: Update parent communication portal
2023-10-22 15:33:37: Add tuning tools
2023-10-22 16:33:32: Add best practices
2023-10-22 16:29:04: Implement development tools
2023-10-22 13:40:57: Implement authentication protocols
2023-10-23 16:58:23: Create payment systems
2023-10-23 14:46:34: Create forecasting tools
2023-10-23 14:12:47: Create attendance reports
2023-10-23 09:12:01: Implement wisdom systems
2023-10-23 13:54:13: Update synchronization systems
2023-10-23 11:30:39: Create efficiency improvements
2023-10-24 17:11:40: Add maintenance tasks
2023-10-24 17:08:59: Update efficiency platforms
2023-10-24 16:14:49: Add HR management
2023-10-24 12:44:05: Create employee systems
2023-09-02 12:32:03: Create security metrics
2023-09-02 17:00:19: Create change management
2023-09-02 09:49:24: Implement performance tuning
2023-09-02 17:43:05: Implement feature flags
2023-09-02 18:57:28: Implement canary releases
2023-09-02 17:04:09: Add documentation updates
2023-09-03 13:29:31: Add field-level encryption
2023-09-03 14:44:34: Add access reviews
2023-09-03 11:09:29: Implement restoration systems
2023-09-03 18:54:27: Implement development programs
2023-09-03 09:42:14: Create admin panel
2023-09-03 15:04:36: Add authorization mechanisms
2023-09-04 16:20:16: Add testing frameworks
2023-09-04 15:51:44: Update communication channels
2023-09-04 10:17:56: Create reporting features
2023-09-04 14:41:59: Add resource allocation
2023-09-04 17:39:30: Implement parent portal
2023-09-04 16:25:57: Implement expense tracking
2023-09-05 16:47:28: Create token handling
2023-09-05 17:30:16: Create sorting mechanisms
2023-09-05 09:58:25: Create security audits
2023-09-05 16:48:47: Create business continuity
2023-09-05 11:45:40: Add continuity planning
2023-09-05 18:07:17: Implement scaling solutions
2023-09-06 14:54:21: Update production systems
2023-09-06 15:41:54: Update adaptation procedures
2023-09-06 18:11:52: Add session management
2023-09-06 12:38:05: Create deliverable tracking
2023-09-06 18:07:17: Create backup automation
2023-09-06 12:20:14: Implement visitor management
2023-09-07 16:09:58: Implement security measures
2023-09-07 16:28:39: Implement gap analysis
2023-09-07 14:31:41: Update evolution processes
2023-09-07 14:19:33: Implement emergency procedures
2023-09-07 10:37:35: Implement risk management
2023-09-07 12:58:23: Implement load testing
2023-09-08 15:10:36: Add quality assurance
2023-09-08 14:31:35: Implement monitoring tools
2023-09-08 14:47:02: Add workload balancing
2023-09-08 15:45:59: Create revenue tracking
2023-09-08 11:10:12: Add deployment tools
2023-09-08 10:48:31: Add privacy controls
2023-09-09 18:03:23: Add tax management
2023-09-09 18:48:15: Add async processing
2023-09-09 11:50:44: Add phishing simulations
2023-09-09 13:42:52: Add system monitoring
2023-09-09 13:02:39: Update user interface
2023-09-09 12:16:58: Implement custom dashboards
2023-09-10 16:02:30: Add incentive programs
2023-09-10 16:18:24: Implement payroll processing
2023-09-10 12:47:20: Add infrastructure management
2023-09-10 16:25:36: Implement security measures
2023-09-10 17:04:06: Add alerting systems
2023-09-10 16:18:17: Implement multi-language support
2023-09-11 14:49:55: Add real-time updates
2023-09-11 18:51:37: Update compliance monitoring
2023-09-11 16:24:09: Create background jobs
2023-09-11 12:07:24: Create user feedback system
2023-09-11 11:23:22: Update growth procedures
2023-09-11 17:54:32: Add workflow optimization
2023-09-12 18:26:59: Implement productivity tools
2023-09-12 12:58:54: Implement containerization
2023-09-12 09:32:20: Create playbooks
2023-09-12 10:56:49: Implement reporting standards
2023-09-12 13:14:21: Create volunteer coordination system
2023-09-12 13:48:00: Create career paths
2023-09-13 11:12:16: Implement preventive measures
2023-09-13 15:15:00: Add testing environments
2023-09-13 13:54:55: Add extracurricular activity management
2023-09-13 09:57:01: Implement post-incident analysis
2023-09-13 10:19:37: Update mitigation strategies
2023-09-13 15:54:25: Create design platforms
2023-09-14 15:14:10: Add load balancing
2023-09-14 16:10:53: Create session management
2023-09-14 13:55:47: Update assessment procedures
2023-09-14 10:06:19: Update configuration systems
2023-09-14 09:04:55: Create tax management
2023-09-14 11:07:09: Create archiving tools
2023-09-15 18:09:53: Create regulatory systems
2023-09-15 13:58:39: Update simplification procedures
2023-09-15 09:25:50: Add best practices
2023-09-15 10:43:10: Add performance improvements
2023-09-15 15:18:31: Create identity management
2023-09-15 15:38:43: Add normalization tools
2023-09-16 15:22:25: Add real-time analytics
2023-09-16 17:25:05: Update environment systems
2023-09-16 09:42:15: Implement governance systems
2023-09-16 14:09:46: Update retention policies
2023-09-16 14:59:49: Implement bulk operations
2023-09-16 09:22:46: Add ETL processes
2023-09-17 11:16:07: Create grade management system
2023-09-17 18:30:26: Create mobile responsive design
2023-09-17 10:49:03: Create succession management
2023-09-17 10:28:35: Create streamlining platforms
2023-09-17 16:01:56: Update mitigation systems
2023-09-17 10:45:37: Add export formats
2023-09-18 15:36:14: Add HR systems
2023-09-18 11:11:08: Create response procedures
2023-09-18 10:47:57: Add contingency planning
2023-09-18 14:48:10: Implement task scheduling
2023-09-18 13:54:18: Initialize project structure
2023-09-18 15:44:46: Update crisis management
2023-09-19 13:11:47: Add regulatory filings
2023-09-19 18:46:35: Implement support system
2023-09-19 10:08:35: Implement quality assurance
2023-09-19 13:35:46: Add scenario modeling
2023-09-19 18:14:45: Create unit tests
2023-09-19 17:09:26: Implement wisdom systems
2023-09-20 16:24:04: Implement monitoring solutions
2023-09-20 09:30:27: Update unification platforms
2023-09-20 11:04:45: Implement student performance tracking
2023-09-20 18:06:11: Add analysis platforms
2023-09-20 14:46:50: Create financial systems
2023-09-20 09:17:39: Add code reviews
2023-09-21 11:10:55: Implement compliance reporting
2023-09-21 13:18:39: Update skill assessments
2023-09-21 17:32:12: Create privilege management
2023-09-21 18:02:40: Create facility booking system
2023-09-21 17:52:41: Create recognition programs
2023-09-21 18:23:43: Implement payroll integration
2023-09-22 09:37:41: Create facility maintenance system
2023-09-22 09:15:57: Add coordination mechanisms
2023-09-22 13:37:46: Add discovery processes
2023-09-22 16:15:57: Create automation tools
2023-09-22 15:23:25: Create mobile app features
2023-09-22 10:35:02: Create data retention policies
2023-09-23 14:05:39: Implement simulation systems
2023-09-23 10:51:00: Update evaluation tools
2023-09-23 14:14:36: Add usage analytics
2023-09-23 16:22:29: Implement teacher assignment system
2023-09-23 15:15:11: Update transparency measures
2023-09-23 15:42:51: Update verification systems
2023-09-24 15:37:35: Add quality gates
2023-09-24 13:28:59: Add development tools
2023-09-24 12:21:50: Add donor management system
2023-09-24 14:41:16: Implement regulatory reporting
2023-09-24 17:12:33: Create financial reports
2023-09-24 17:29:14: Add knowledge bases
2023-09-25 14:45:41: Implement training modules
2023-09-25 14:03:28: Update policy procedures
2023-09-25 16:50:14: Add offline functionality
2023-09-25 12:10:07: Add documentation
2023-09-25 13:25:23: Implement regulatory requirements
2023-09-25 17:22:46: Implement cost optimization
2023-09-26 13:57:34: Implement deletion processes
2023-09-26 14:52:23: Add alignment tools
2023-09-26 12:18:34: Add accreditation systems
2023-09-26 16:58:23: Create recruitment systems
2023-09-26 11:53:45: Implement authentication protocols
2023-09-26 17:21:06: Add single sign-on
2023-09-27 16:43:37: Add certification management
2023-09-27 13:48:08: Update navigation system
2023-09-27 18:32:40: Implement deployment systems
2023-09-27 14:05:15: Create status updates
2023-09-27 15:27:19: Add stakeholder notifications
2023-09-27 14:32:58: Create regulatory reporting
2023-09-28 14:24:46: Create learning paths
2023-09-28 11:44:03: Create release notes
2023-09-28 10:15:07: Implement certification processes
2023-09-28 13:13:39: Implement policy guidelines
2023-09-28 18:03:45: Create deployment configuration
2023-09-28 09:07:28: Create health checks
2023-09-29 18:05:39: Create load balancing
2023-09-29 10:03:30: Implement feature requests
2023-09-29 16:18:00: Create standards documentation
2023-09-29 14:23:32: Update information procedures
2023-09-29 16:53:43: Create workload balancing
2023-09-29 16:45:44: Update status tracking
2023-09-30 10:40:59: Add incident detection
2023-09-30 15:45:23: Add maintenance tasks
2023-09-30 17:24:34: Update execution procedures
2023-09-30 17:03:23: Update capacity planning
2023-09-30 09:48:03: Implement user provisioning
2023-09-30 16:33:34: Create assessment tools
2023-10-01 15:21:46: Implement user registration
2023-10-01 17:36:45: Add encryption protocols
2023-10-01 09:43:11: Create resource management
2023-10-01 11:02:26: Update network configuration
2023-10-01 16:28:57: Add announcement system
2023-10-01 09:07:18: Create FAQ section
2023-10-02 17:43:18: Add data archiving
2023-10-02 13:05:10: Add subscription management
2023-10-02 10:58:05: Create research systems
2023-10-02 18:15:49: Create error handling
2023-10-02 10:11:03: Update scholarship management
2023-10-02 11:39:36: Create optimization systems
2023-10-03 10:59:46: Add help desk functionality
2023-10-03 11:28:14: Implement integration tests
2023-10-03 11:04:54: Create documentation portals
2023-10-03 16:36:33: Add transportation tracking
2023-10-03 11:33:10: Add eradication measures
2023-10-03 10:03:15: Add notification system
2023-10-04 10:05:28: Create security policies
2023-10-04 18:38:24: Update quality systems
2023-10-04 15:04:10: Implement data masking
2023-10-04 14:10:07: Create health checks
2023-10-04 13:40:20: Implement failover systems
2023-10-04 14:45:32: Add compliance frameworks
2023-10-05 09:24:17: Implement containment strategies
2023-10-05 12:50:56: Implement succession planning
2023-10-05 10:26:14: Add evaluation mechanisms
2023-10-05 11:54:29: Create teacher management system
2023-10-05 14:56:08: Update integration pipelines
2023-10-05 16:47:36: Add certification programs
2023-10-06 18:13:23: Implement performance tracking
2023-10-06 14:33:48: Create communication tools
2023-10-06 16:44:27: Add HR management
2023-10-06 14:59:14: Implement message queuing
2023-10-06 14:35:21: Update training materials
2023-10-06 15:13:17: Create event streaming
2023-10-07 17:48:30: Implement usage statistics
2023-10-07 09:52:55: Add vulnerability assessment
2023-10-07 09:10:24: Implement enhancement programs
2023-10-07 16:21:30: Implement user surveys
2023-10-07 13:18:29: Implement achievement systems
2023-10-07 11:00:38: Implement participation systems
2023-10-08 15:51:14: Add capacity planning
2023-10-08 14:40:08: Create user profile management
2023-10-08 18:39:06: Set up Prisma database schema
2023-10-08 11:06:36: Implement project tracking
2023-10-08 13:22:41: Create performance platforms
2023-10-08 16:03:00: Add error handling
2023-10-09 13:47:01: Update parent communication portal
2023-10-09 16:27:17: Update procedures manuals
2023-10-09 17:49:30: Create calendar integration
2023-10-09 17:47:59: Add release pipelines
2023-10-09 16:58:06: Implement support systems
2023-10-09 12:07:00: Implement reward systems
2023-10-10 12:56:47: Implement implementation systems
2023-10-10 09:03:00: Create troubleshooting guides
2023-10-10 09:41:13: Implement billing automation
2023-10-10 12:03:36: Implement version control
2023-10-10 12:00:53: Add filtering options
2023-10-10 17:21:20: Add budget tracking
2023-10-11 13:21:59: Create delivery platforms
2023-10-11 16:55:13: Implement assurance processes
2023-10-11 09:22:37: Create security awareness
2023-10-11 16:52:01: Implement escalation procedures
2023-10-11 16:31:11: Add policy management
2023-10-11 15:56:57: Add security scanning
2023-10-12 09:21:14: Add counseling appointment scheduling
2023-10-12 17:13:13: Add audit logging
2023-10-12 18:52:49: Add quality controls
2023-10-12 16:03:12: Implement configuration systems
2023-10-12 12:04:42: Add distribution tools
2023-10-12 16:52:03: Implement alerting system
2023-10-13 17:45:58: Add feature toggles
2023-10-13 17:02:13: Create validation platforms
2023-10-13 14:46:55: Create attendance reports
2023-10-13 15:03:59: Update accounting integration
2023-10-13 12:59:51: Update alliance systems
2023-10-13 13:51:43: Add disclosure requirements
2023-10-14 15:02:56: Create risk assessment
2023-10-14 10:06:50: Create stakeholder management
2023-10-14 09:35:23: Create efficiency systems
2023-10-14 14:52:48: Create training programs
2023-10-14 15:15:32: Create user guides
2023-10-14 12:30:28: Implement knowledge sharing
2023-10-15 13:24:59: Create metrics collection
2023-10-15 10:52:29: Implement token refresh
2023-10-15 16:09:29: Add onboarding system
2023-10-15 17:59:31: Update deployment systems
2023-10-15 10:36:40: Add personalization features
2023-10-15 16:22:00: Add financial controls
2023-10-16 15:04:02: Create data pipelines
2023-10-16 10:43:35: Implement progress tracking
2023-10-16 13:55:52: Create release management
2023-10-16 09:57:32: Implement contingency solutions
2023-10-16 14:19:55: Create emergency procedures
2023-10-16 11:41:00: Add audit trails
2023-10-17 15:18:28: Implement patch management
2023-10-17 16:03:58: Update crisis procedures
2023-10-17 12:44:11: Implement feedback systems
2023-10-17 12:24:59: Create resource management
2023-10-17 11:25:32: Implement governance frameworks
2023-10-17 09:43:52: Add security automation
2023-10-18 15:35:35: Create oversight platforms
2023-10-18 09:34:01: Implement analytics platforms
2023-10-18 10:35:40: Implement search features
2023-10-18 15:17:45: Add milestone management
2023-10-18 16:47:09: Add communication systems
2023-10-18 13:43:49: Add document management system
2023-10-19 10:48:30: Implement access controls
2023-10-19 18:52:33: Update improvement processes
2023-10-19 18:36:53: Add database optimization
2023-10-19 12:26:44: Implement API endpoints
2023-10-19 13:41:39: Implement mitigation strategies
2023-10-19 12:00:25: Implement security orchestration
2023-10-20 16:00:46: Create integration platforms
2023-10-20 13:32:20: Implement runbooks
2023-10-20 14:58:21: Create audit systems
2023-10-20 18:44:19: Implement standards systems
2023-10-20 09:53:36: Add deployment pipelines
2023-10-20 10:31:17: Implement backup and recovery
2023-10-21 09:53:40: Create board updates
2023-10-21 15:34:33: Add rate limiting
2023-10-21 18:45:41: Create strategic planning
2023-10-21 17:59:09: Implement class scheduling
2023-10-21 15:55:45: Add performance metrics
2023-10-21 16:39:16: Create recommendation engine
2023-10-22 16:55:54: Implement accounting integration
2023-10-22 16:55:42: Update emergency contact system
2023-10-22 15:17:49: Create user experience improvements
2023-10-22 16:07:43: Implement search functionality
2023-10-22 11:03:47: Create security patches
2023-10-22 12:41:31: Create capacity planning
2023-10-23 13:38:29: Add audit logging
2023-10-23 16:02:15: Add vulnerability management
2023-10-23 13:33:08: Implement competency tracking
2023-10-23 14:13:34: Create communication plans
2023-10-23 11:09:07: Add import functionality
2023-10-23 14:18:32: Update pagination system
2023-10-24 17:43:57: Create school event calendar
2023-10-24 17:21:58: Create retention schedules
2023-10-24 13:33:44: Create security assessments
2023-10-24 18:14:11: Create incident response
2023-09-02 10:32:49: Create grade management system
2023-09-02 12:42:00: Add decision support
2023-09-02 11:03:33: Create installation platforms
2023-09-02 16:31:14: Implement feature flags
2023-09-02 15:10:05: Add notification system
2023-09-03 11:30:28: Implement performance tuning
2023-09-03 18:28:35: Implement stakeholder management
2023-09-03 12:37:10: Create progress platforms
2023-09-03 17:12:03: Implement profit analysis
2023-09-03 09:49:09: Create financial reports
2023-09-03 15:16:06: Implement standards systems
2023-09-03 17:10:32: Implement investigation procedures
2023-09-04 15:53:20: Create recovery processes
2023-09-04 16:42:52: Add crisis management
2023-09-04 12:14:54: Add talent management
2023-09-04 10:15:58: Add counseling appointment scheduling
2023-09-04 13:56:52: Create session management
2023-09-04 09:40:26: Set up Prisma database schema
2023-09-05 18:18:02: Add executive reporting
2023-09-05 12:59:10: Implement caching strategies
2023-09-05 09:28:46: Update evaluation tools
2023-09-05 18:59:02: Implement failover systems
2023-09-05 16:05:50: Add scenario analysis
2023-09-05 13:32:11: Add password policies
2023-09-05 10:37:21: Update inspection procedures
2023-09-05 09:14:56: Add distribution tools
2023-09-06 13:44:25: Add field-level encryption
2023-09-06 18:55:46: Implement mitigation strategies
2023-09-06 12:08:38: Implement data synchronization
